build/intermediates/manifest_merge_blame_file/debug/manifest-merger-blame-debug-report.txt
1<?xml version="1.0" encoding="utf-8"?>
2<manifest xmlns:android="http://schemas.android.com/apk/res/android"
3    package="com.example"
4    android:versionCode="1"
5    android:versionName="1.0" >
6
7    <uses-sdk
8        android:minSdkVersion="21"
8-->examples/android-plugin/AndroidManifest.xml
9        android:targetSdkVersion="29" />
9-->examples/android-plugin/AndroidManifest.xml
10
11    <application
11-->examples/android-plugin/AndroidManifest.xml:6:5-16:19
12        android:icon="@drawable/ic_launcher"
12-->examples/android-plugin/AndroidManifest.xml:7:18-54
13        android:label="@string/app_name"
13-->examples/android-plugin/AndroidManifest.xml:6:18-50
14        android:theme="@style/AppTheme" >
14-->examples/android-plugin/AndroidManifest.xml:8:18-49
15        <activity
15-->examples/android-plugin/AndroidManifest.xml:9:8-15:20
16            android:name="com.example.HelloWorldActivity"
16-->examples/android-plugin/AndroidManifest.xml:9:18-51
17            android:label="@string/app_name" >
17-->examples/android-plugin/AndroidManifest.xml:10:18-50
18            <intent-filter>
18-->examples/android-plugin/AndroidManifest.xml:11:13-14:29
19                <action android:name="android.intent.action.MAIN" />
19-->examples/android-plugin/AndroidManifest.xml:12:17-69
19-->examples/android-plugin/AndroidManifest.xml:12:25-66
20
21                <category android:name="android.intent.category.LAUNCHER" />
21-->examples/android-plugin/AndroidManifest.xml:13:17-77
21-->examples/android-plugin/AndroidManifest.xml:13:27-74
22            </intent-filter>
23        </activity>
24    </application>
25
26</manifest>